----- START -----
[INFO] Input PDB file name : 7e5o_GlobalMinimized.pdb
[INFO] The input PDB file has 9450 lines.
[INFO] 2 lines that contain the "SSBOND" line are deleted.
[INFO] Replaced strings and the number of occurrences
{'+A': 226,
 '+B': 134,
 '+C': 478,
 '+D': 392,
 '-A': 122,
 '-B': 54,
 '-C': 235,
 '-D': 198,
 'CYSSA': 20,
 'CYSSB': 20}
[INFO] Total number of replaced strings : 1879
[INFO] 10 different string patterns in the file needed to be replaced.
[INFO] Output PDB file name : 7e5o_GlobalMinimized_formatted.pdb
[INFO] The output PDB file has 9448 lines.
----- END -----
